CRITICAL - 2023-08-27 08:52:12 --> syntax error, unexpected ':', expecting ']'
in APPPATH\Views\front\procesar_registro.php on line 19.
 1 SYSTEMPATH\View\View.php(227): CodeIgniter\View\View->CodeIgniter\View\{closure}()
 2 SYSTEMPATH\Common.php(1176): CodeIgniter\View\View->render('front/procesar_registro', [], true)
 3 APPPATH\Controllers\Home.php(46): view('front/procesar_registro')
 4 SYSTEMPATH\CodeIgniter.php(932): App\Controllers\Home->procesar_registro()
 5 SYSTEMPATH\CodeIgniter.php(497): CodeIgniter\CodeIgniter->runController(Object(App\Controllers\Home))
 6 SYSTEMPATH\CodeIgniter.php(366): CodeIgniter\CodeIgniter->handleRequest(null, Object(Config\Cache), false)
 7 FCPATH\index.php(67): CodeIgniter\CodeIgniter->run()
CRITICAL - 2023-08-27 08:52:24 --> syntax error, unexpected ':', expecting ']'
in APPPATH\Views\front\procesar_registro.php on line 19.
 1 SYSTEMPATH\View\View.php(227): CodeIgniter\View\View->CodeIgniter\View\{closure}()
 2 SYSTEMPATH\Common.php(1176): CodeIgniter\View\View->render('front/procesar_registro', [], true)
 3 APPPATH\Controllers\Home.php(46): view('front/procesar_registro')
 4 SYSTEMPATH\CodeIgniter.php(932): App\Controllers\Home->procesar_registro()
 5 SYSTEMPATH\CodeIgniter.php(497): CodeIgniter\CodeIgniter->runController(Object(App\Controllers\Home))
 6 SYSTEMPATH\CodeIgniter.php(366): CodeIgniter\CodeIgniter->handleRequest(null, Object(Config\Cache), false)
 7 FCPATH\index.php(67): CodeIgniter\CodeIgniter->run()
CRITICAL - 2023-08-27 08:53:22 --> mysqli::__construct(): php_network_getaddresses: getaddrinfo failed: Host desconocido. 
in APPPATH\Views\front\procesar_registro.php on line 14.
 1 [internal function]: CodeIgniter\Debug\Exceptions->errorHandler(2, 'mysqli::__construct(): php_network_getaddresses: getaddrinfo failed: Host desconocido. ', 'D:\\HTML\\Xampp\\htdocs\\html_tp1\\app\\Views\\front\\procesar_registro.php', 14, [...])
 2 APPPATH\Views\front\procesar_registro.php(14): mysqli->__construct('nombre_del_servidor', 'nombre_de_usuario', 'contrasena_de_la_db', 'nombre_de_la_db')
 3 SYSTEMPATH\View\View.php(224): include('D:\\HTML\\Xampp\\htdocs\\html_tp1\\app\\Views\\front\\procesar_registro.php')
 4 SYSTEMPATH\View\View.php(227): CodeIgniter\View\View->CodeIgniter\View\{closure}()
 5 SYSTEMPATH\Common.php(1176): CodeIgniter\View\View->render('front/procesar_registro', [], true)
 6 APPPATH\Controllers\Home.php(46): view('front/procesar_registro')
 7 SYSTEMPATH\CodeIgniter.php(932): App\Controllers\Home->procesar_registro()
 8 SYSTEMPATH\CodeIgniter.php(497): CodeIgniter\CodeIgniter->runController(Object(App\Controllers\Home))
 9 SYSTEMPATH\CodeIgniter.php(366): CodeIgniter\CodeIgniter->handleRequest(null, Object(Config\Cache), false)
10 FCPATH\index.php(67): CodeIgniter\CodeIgniter->run()
CRITICAL - 2023-08-27 08:54:57 --> mysqli::__construct(): php_network_getaddresses: getaddrinfo failed: Host desconocido. 
in APPPATH\Views\front\procesar_registro.php on line 14.
 1 [internal function]: CodeIgniter\Debug\Exceptions->errorHandler(2, 'mysqli::__construct(): php_network_getaddresses: getaddrinfo failed: Host desconocido. ', 'D:\\HTML\\Xampp\\htdocs\\html_tp1\\app\\Views\\front\\procesar_registro.php', 14, [...])
 2 APPPATH\Views\front\procesar_registro.php(14): mysqli->__construct('nombre_del_servidor', 'nombre_de_usuario', 'contrasena_de_la_db', 'nombre_de_la_db')
 3 SYSTEMPATH\View\View.php(224): include('D:\\HTML\\Xampp\\htdocs\\html_tp1\\app\\Views\\front\\procesar_registro.php')
 4 SYSTEMPATH\View\View.php(227): CodeIgniter\View\View->CodeIgniter\View\{closure}()
 5 SYSTEMPATH\Common.php(1176): CodeIgniter\View\View->render('front/procesar_registro', [], true)
 6 APPPATH\Controllers\Home.php(46): view('front/procesar_registro')
 7 SYSTEMPATH\CodeIgniter.php(932): App\Controllers\Home->procesar_registro()
 8 SYSTEMPATH\CodeIgniter.php(497): CodeIgniter\CodeIgniter->runController(Object(App\Controllers\Home))
 9 SYSTEMPATH\CodeIgniter.php(366): CodeIgniter\CodeIgniter->handleRequest(null, Object(Config\Cache), false)
10 FCPATH\index.php(67): CodeIgniter\CodeIgniter->run()
CRITICAL - 2023-08-27 08:55:03 --> mysqli::__construct(): php_network_getaddresses: getaddrinfo failed: Host desconocido. 
in APPPATH\Views\front\procesar_registro.php on line 14.
 1 [internal function]: CodeIgniter\Debug\Exceptions->errorHandler(2, 'mysqli::__construct(): php_network_getaddresses: getaddrinfo failed: Host desconocido. ', 'D:\\HTML\\Xampp\\htdocs\\html_tp1\\app\\Views\\front\\procesar_registro.php', 14, [...])
 2 APPPATH\Views\front\procesar_registro.php(14): mysqli->__construct('nombre_del_servidor', 'nombre_de_usuario', 'contrasena_de_la_db', 'nombre_de_la_db')
 3 SYSTEMPATH\View\View.php(224): include('D:\\HTML\\Xampp\\htdocs\\html_tp1\\app\\Views\\front\\procesar_registro.php')
 4 SYSTEMPATH\View\View.php(227): CodeIgniter\View\View->CodeIgniter\View\{closure}()
 5 SYSTEMPATH\Common.php(1176): CodeIgniter\View\View->render('front/procesar_registro', [], true)
 6 APPPATH\Controllers\Home.php(46): view('front/procesar_registro')
 7 SYSTEMPATH\CodeIgniter.php(932): App\Controllers\Home->procesar_registro()
 8 SYSTEMPATH\CodeIgniter.php(497): CodeIgniter\CodeIgniter->runController(Object(App\Controllers\Home))
 9 SYSTEMPATH\CodeIgniter.php(366): CodeIgniter\CodeIgniter->handleRequest(null, Object(Config\Cache), false)
10 FCPATH\index.php(67): CodeIgniter\CodeIgniter->run()
CRITICAL - 2023-08-27 08:55:37 --> mysqli::__construct(): php_network_getaddresses: getaddrinfo failed: Host desconocido. 
in APPPATH\Views\front\procesar_registro.php on line 14.
 1 [internal function]: CodeIgniter\Debug\Exceptions->errorHandler(2, 'mysqli::__construct(): php_network_getaddresses: getaddrinfo failed: Host desconocido. ', 'D:\\HTML\\Xampp\\htdocs\\html_tp1\\app\\Views\\front\\procesar_registro.php', 14, [...])
 2 APPPATH\Views\front\procesar_registro.php(14): mysqli->__construct('nombre_del_servidor', 'nombre_de_usuario', 'contrasena_de_la_db', 'nombre_de_la_db')
 3 SYSTEMPATH\View\View.php(224): include('D:\\HTML\\Xampp\\htdocs\\html_tp1\\app\\Views\\front\\procesar_registro.php')
 4 SYSTEMPATH\View\View.php(227): CodeIgniter\View\View->CodeIgniter\View\{closure}()
 5 SYSTEMPATH\Common.php(1176): CodeIgniter\View\View->render('front/procesar_registro', [], true)
 6 APPPATH\Controllers\Home.php(46): view('front/procesar_registro')
 7 SYSTEMPATH\CodeIgniter.php(932): App\Controllers\Home->procesar_registro()
 8 SYSTEMPATH\CodeIgniter.php(497): CodeIgniter\CodeIgniter->runController(Object(App\Controllers\Home))
 9 SYSTEMPATH\CodeIgniter.php(366): CodeIgniter\CodeIgniter->handleRequest(null, Object(Config\Cache), false)
10 FCPATH\index.php(67): CodeIgniter\CodeIgniter->run()
CRITICAL - 2023-08-27 21:10:09 --> mysqli::__construct(): php_network_getaddresses: getaddrinfo failed: Host desconocido. 
in APPPATH\Views\front\procesar_registro.php on line 14.
 1 [internal function]: CodeIgniter\Debug\Exceptions->errorHandler(2, 'mysqli::__construct(): php_network_getaddresses: getaddrinfo failed: Host desconocido. ', 'D:\\HTML\\Xampp\\htdocs\\html_tp1\\app\\Views\\front\\procesar_registro.php', 14, [...])
 2 APPPATH\Views\front\procesar_registro.php(14): mysqli->__construct('nombre_del_servidor', 'nombre_de_usuario', 'contrasena_de_la_db', 'nombre_de_la_db')
 3 SYSTEMPATH\View\View.php(224): include('D:\\HTML\\Xampp\\htdocs\\html_tp1\\app\\Views\\front\\procesar_registro.php')
 4 SYSTEMPATH\View\View.php(227): CodeIgniter\View\View->CodeIgniter\View\{closure}()
 5 SYSTEMPATH\Common.php(1176): CodeIgniter\View\View->render('front/procesar_registro', [], true)
 6 APPPATH\Controllers\Home.php(46): view('front/procesar_registro')
 7 SYSTEMPATH\CodeIgniter.php(932): App\Controllers\Home->procesar_registro()
 8 SYSTEMPATH\CodeIgniter.php(497): CodeIgniter\CodeIgniter->runController(Object(App\Controllers\Home))
 9 SYSTEMPATH\CodeIgniter.php(366): CodeIgniter\CodeIgniter->handleRequest(null, Object(Config\Cache), false)
10 FCPATH\index.php(67): CodeIgniter\CodeIgniter->run()
CRITICAL - 2023-08-27 21:11:21 --> mysqli::__construct(): php_network_getaddresses: getaddrinfo failed: Host desconocido. 
in APPPATH\Views\front\procesar_registro.php on line 14.
 1 [internal function]: CodeIgniter\Debug\Exceptions->errorHandler(2, 'mysqli::__construct(): php_network_getaddresses: getaddrinfo failed: Host desconocido. ', 'D:\\HTML\\Xampp\\htdocs\\html_tp1\\app\\Views\\front\\procesar_registro.php', 14, [...])
 2 APPPATH\Views\front\procesar_registro.php(14): mysqli->__construct('nombre_del_servidor', 'nombre_de_usuario', 'contrasena_de_la_db', 'nombre_de_la_db')
 3 SYSTEMPATH\View\View.php(224): include('D:\\HTML\\Xampp\\htdocs\\html_tp1\\app\\Views\\front\\procesar_registro.php')
 4 SYSTEMPATH\View\View.php(227): CodeIgniter\View\View->CodeIgniter\View\{closure}()
 5 SYSTEMPATH\Common.php(1176): CodeIgniter\View\View->render('front/procesar_registro', [], true)
 6 APPPATH\Controllers\Home.php(46): view('front/procesar_registro')
 7 SYSTEMPATH\CodeIgniter.php(932): App\Controllers\Home->procesar_registro()
 8 SYSTEMPATH\CodeIgniter.php(497): CodeIgniter\CodeIgniter->runController(Object(App\Controllers\Home))
 9 SYSTEMPATH\CodeIgniter.php(366): CodeIgniter\CodeIgniter->handleRequest(null, Object(Config\Cache), false)
10 FCPATH\index.php(67): CodeIgniter\CodeIgniter->run()
